============================= test session starts ==============================
platform linux -- Python 3.12.3, pytest-8.4.1, pluggy-1.6.0 -- /home/jcdoll/github/personal/geo/.venv/bin/python
cachedir: .pytest_cache
rootdir: /home/jcdoll/github/personal/geo
configfile: pytest.ini
plugins: cov-6.2.1
collecting ... collected 131 items

tests/test_debug_rock_falling.py::test_debug_falling PASSED              [  0%]
tests/test_gravity_ramp.py::test_initialization ERROR                    [  1%]
tests/test_gravity_ramp.py::test_single_scenario_detail PASSED           [  2%]
tests/test_integration_comprehensive.py::test_scenario_runs_without_crash[empty] PASSED [  3%]
tests/test_integration_comprehensive.py::test_scenario_runs_without_crash[planet] PASSED [  3%]
tests/test_integration_comprehensive.py::test_scenario_runs_without_crash[layered] PASSED [  4%]
tests/test_integration_comprehensive.py::test_scenario_runs_without_crash[volcanic] PASSED [  5%]
tests/test_integration_comprehensive.py::test_scenario_runs_without_crash[ice] PASSED [  6%]
tests/test_integration_comprehensive.py::test_scenario_performance_target[empty-20] PASSED [  6%]
tests/test_integration_comprehensive.py::test_scenario_performance_target[planet-10] PASSED [  7%]
tests/test_integration_comprehensive.py::test_scenario_performance_target[layered-10] PASSED [  8%]
tests/test_integration_comprehensive.py::test_scenario_performance_target[volcanic-10] PASSED [  9%]
tests/test_integration_comprehensive.py::test_scenario_performance_target[ice-10] PASSED [  9%]
tests/test_integration_comprehensive.py::test_mass_conservation_reasonable[empty] PASSED [ 10%]
tests/test_integration_comprehensive.py::test_mass_conservation_reasonable[planet] FAILED [ 11%]
tests/test_integration_comprehensive.py::test_mass_conservation_reasonable[layered] PASSED [ 12%]
tests/test_integration_comprehensive.py::test_mass_conservation_reasonable[volcanic] PASSED [ 12%]
tests/test_integration_comprehensive.py::test_mass_conservation_reasonable[ice] PASSED [ 13%]
tests/test_integration_comprehensive.py::test_performance_scaling[32] PASSED [ 14%]
tests/test_integration_comprehensive.py::test_performance_scaling[64] PASSED [ 15%]
tests/test_integration_comprehensive.py::test_performance_scaling[128] PASSED [ 16%]
tests/test_integration_comprehensive.py::test_long_running_stability PASSED [ 16%]
tests/test_integration_comprehensive.py::test_generate_performance_report PASSED [ 17%]
tests/test_integration_real.py::test_scenario_actually_runs[empty] PASSED [ 18%]
tests/test_integration_real.py::test_scenario_actually_runs[planet] PASSED [ 19%]
tests/test_integration_real.py::test_scenario_actually_runs[layered] PASSED [ 19%]
tests/test_integration_real.py::test_scenario_actually_runs[volcanic] PASSED [ 20%]
tests/test_integration_real.py::test_scenario_actually_runs[ice] PASSED  [ 21%]
tests/test_integration_real.py::test_scenario_basic_stability[empty] PASSED [ 22%]
tests/test_integration_real.py::test_scenario_basic_stability[planet] PASSED [ 22%]
tests/test_integration_real.py::test_scenario_basic_stability[layered] PASSED [ 23%]
tests/test_integration_real.py::test_scenario_basic_stability[volcanic] PASSED [ 24%]
tests/test_integration_real.py::test_scenario_basic_stability[ice] PASSED [ 25%]
tests/test_integration_real.py::test_scenario_performance[empty-15] PASSED [ 25%]
tests/test_integration_real.py::test_scenario_performance[planet-8] PASSED [ 26%]
tests/test_integration_real.py::test_scenario_performance[layered-8] PASSED [ 27%]
tests/test_integration_real.py::test_scenario_performance[volcanic-8] PASSED [ 28%]
tests/test_integration_real.py::test_scenario_performance[ice-8] PASSED  [ 29%]
tests/test_integration_real.py::test_empty_scenario_perfect_stability PASSED [ 29%]
tests/test_integration_real.py::test_planet_long_stability PASSED        [ 30%]
tests/test_integration_real.py::test_scaling_stability[32] 